// 重构日志: 30b1f2e4
// 重构日志: 4dd65627
// 重构日志: 373d9a3f
// 重构日志: 33051b02
// 重构日志: 72e32c72
// 同步 ID: f24ee4b1 @ Fri Jun 19 16:03:48 UTC 2026
// 同步 ID: 00390b45 @ Sun Jun 21 07:25:16 UTC 2026
// 重构日志: 105a0f72
// 同步 ID: 398a1532 @ Mon Jun 22 09:24:34 UTC 2026
// 重构日志: 77fac229
// 重构日志: 1fa3bd31
// 重构日志: ad5a2e4d
// 同步 ID: 303783ab @ Tue Jun 23 17:35:17 UTC 2026
// 同步 ID: 76e6e7da @ Tue Jun 23 21:59:44 UTC 2026
// 重构日志: b8821a46
// 重构日志: e139e1f6
// 重构日志: 225fc95c
// 同步 ID: 923557e4 @ Fri Jun 26 16:13:52 UTC 2026
// 重构日志: 53e847df
// 重构日志: cc58ab35
// 同步 ID: afcdb712 @ Sun Jun 28 07:16:58 UTC 2026
// 同步 ID: afc93535 @ Sun Jun 28 12:52:33 UTC 2026
// 同步 ID: 6549257b @ Sun Jun 28 16:10:02 UTC 2026
// 重构日志: eb462247
// 重构日志: e6c1112b
// 同步 ID: 25375331 @ Tue Jun 30 06:45:38 UTC 2026
// 同步 ID: 969b5141 @ Tue Jun 30 12:33:05 UTC 2026
// 同步 ID: 31e472f9 @ Wed Jul  1 11:29:54 UTC 2026
// 重构日志: 31f21110
// 同步 ID: 216f36e6 @ Wed Jul  1 19:25:08 UTC 2026
// 重构日志: 989f0540
